#
# A fatal error has been detected by the Java Runtime Environment:
#
#  EXCEPTION_ACCESS_VIOLATION (0xc0000005) at pc=0x0000000069176166, pid=3612, tid=388
#
# JRE version: Java(TM) SE Runtime Environment (8.0_31-b13) (build 1.8.0_31-b13)
# Java VM: Java HotSpot(TM) 64-Bit Server VM (25.31-b07 mixed mode windows-amd64 compressed oops)
# Problematic frame:
# V  [jvm.dll+0x4e6166]
#
# Failed to write core dump. Minidumps are not enabled by default on client versions of Windows
#
# If you would like to submit a bug report, please visit:
#   http://bugreport.java.com/bugreport/crash.jsp
#

---------------  T H R E A D  ---------------

Current thread (0x000000001553e800):  JavaThread "C2 CompilerThread1" daemon [_thread_in_native, id=388, stack(0x0000000016bb0000,0x0000000016cb0000)]

siginfo: ExceptionCode=0xc0000005, reading address 0x0000000000000060

Registers:
RAX=0x0000000000000000, RBX=0x0000000017dc4e40, RCX=0x0000000017dc4e40, RDX=0x0000000017dc4e40
RSP=0x0000000016caba90, RBP=0x0000000017dc4e40, RSI=0x0000000015550fa0, RDI=0x0000000016cad2c0
R8 =0x00000000000000c0, R9 =0x0000000000800000, R10=0x0000000000007fff, R11=0x000000001c71a230
R12=0x000000001553a980, R13=0x0000000016cac940, R14=0x0000000000000000, R15=0x000000001553a980
RIP=0x0000000069176166, EFLAGS=0x0000000000010206

Top of Stack: (sp=0x0000000016caba90)
0x0000000016caba90:   00000000180556b8 000000006912d669
0x0000000016cabaa0:   0000000016cac940 0000000000000000
0x0000000016cabab0:   0000000000000800 000000006917731e
0x0000000016cabac0:   0000000017dc4e40 0000000018055700
0x0000000016cabad0:   00000000180556b8 0000000000000800
0x0000000016cabae0:   000000001553a980 0000000000000000
0x0000000016cabaf0:   000000001ca733a0 0000000015550fa0
0x0000000016cabb00:   0000000000000001 000000006912f5b7
0x0000000016cabb10:   0000000016cabf00 0000000016cabc10
0x0000000016cabb20:   0000000016cabf30 000000001553a980
0x0000000016cabb30:   000000001ca733f0 000000001ca7b388
0x0000000016cabb40:   00000000001bd548 000000001553a980
0x0000000016cabb50:   0000000000001000 000000001c7992f0
0x0000000016cabb60:   0000000300000000 00000000692d6e58
0x0000000016cabb70:   000000001553a980 0000000000000400
0x0000000016cabb80:   000000001c935600 0000000000000010 

Instructions: (pc=0x0000000069176166)
0x0000000069176146:   5f c3 cc cc cc cc cc cc cc cc 48 89 5c 24 08 57
0x0000000069176156:   48 83 ec 20 48 8b 02 48 8b f9 48 8b ca 48 8b da
0x0000000069176166:   ff 50 60 85 c0 74 39 44 8b 57 08 4c 8b 47 18 41
0x0000000069176176:   ff ca 41 8b ca 23 c8 44 8b c9 8b c1 49 8b 14 c8 


Register to memory mapping:

RAX=0x0000000000000000 is an unknown value
RBX=0x0000000017dc4e40 is an unknown value
RCX=0x0000000017dc4e40 is an unknown value
RDX=0x0000000017dc4e40 is an unknown value
RSP=0x0000000016caba90 is pointing into the stack for thread: 0x000000001553e800
RBP=0x0000000017dc4e40 is an unknown value
RSI=0x0000000015550fa0 is an unknown value
RDI=0x0000000016cad2c0 is pointing into the stack for thread: 0x000000001553e800
R8 =0x00000000000000c0 is an unknown value
R9 =0x0000000000800000 is an unknown value
R10=0x0000000000007fff is an unknown value
R11=0x000000001c71a230 is an unknown value
R12=0x000000001553a980 is an unknown value
R13=0x0000000016cac940 is pointing into the stack for thread: 0x000000001553e800
R14=0x0000000000000000 is an unknown value
R15=0x000000001553a980 is an unknown value


Stack: [0x0000000016bb0000,0x0000000016cb0000],  sp=0x0000000016caba90,  free space=1006k
Native frames: (J=compiled Java code, j=interpreted, Vv=VM code, C=native code)
V  [jvm.dll+0x4e6166]
V  [jvm.dll+0x4e731e]
V  [jvm.dll+0x49f5b7]
V  [jvm.dll+0x453094]
V  [jvm.dll+0x454124]
V  [jvm.dll+0x437c62]
V  [jvm.dll+0x988e2]
V  [jvm.dll+0x990d3]
V  [jvm.dll+0x22c194]
V  [jvm.dll+0x28576a]
C  [msvcr100.dll+0x21d9f]
C  [msvcr100.dll+0x21e3b]
C  [KERNEL32.DLL+0x49e2]
C  [ntdll.dll+0x65a64]


Current CompileTask:
C2:  17111 1578       4       javax.swing.plaf.nimbus.NimbusStyle::validate (1178 bytes)


---------------  P R O C E S S  ---------------

Java Threads: ( => current thread )
  0x0000000017e4d800 JavaThread "TimerQueue" daemon [_thread_blocked, id=3544, stack(0x000000001c110000,0x000000001c210000)]
  0x0000000017e81000 JavaThread "Swing-Shell" daemon [_thread_blocked, id=3024, stack(0x000000001b260000,0x000000001b360000)]
  0x0000000018012000 JavaThread "D3D Screen Updater" daemon [_thread_blocked, id=1200, stack(0x000000001a6c0000,0x000000001a7c0000)]
  0x0000000002e60800 JavaThread "DestroyJavaVM" [_thread_blocked, id=3068, stack(0x0000000002cc0000,0x0000000002dc0000)]
  0x000000001716a000 JavaThread "AWT-EventQueue-0" [_thread_blocked, id=204, stack(0x0000000018490000,0x0000000018590000)]
  0x000000001714a800 JavaThread "AWT-Windows" daemon [_thread_in_native, id=5060, stack(0x00000000176b0000,0x00000000177b0000)]
  0x0000000017147800 JavaThread "AWT-Shutdown" [_thread_blocked, id=5268, stack(0x00000000175b0000,0x00000000176b0000)]
  0x0000000017144000 JavaThread "Java2D Disposer" daemon [_thread_blocked, id=3124, stack(0x00000000174b0000,0x00000000175b0000)]
  0x000000001559d000 JavaThread "Service Thread" daemon [_thread_blocked, id=4092, stack(0x00000000171b0000,0x00000000172b0000)]
  0x0000000015545800 JavaThread "C1 CompilerThread2" daemon [_thread_blocked, id=5608, stack(0x0000000016cb0000,0x0000000016db0000)]
=>0x000000001553e800 JavaThread "C2 CompilerThread1" daemon [_thread_in_native, id=388, stack(0x0000000016bb0000,0x0000000016cb0000)]
  0x000000001553b800 JavaThread "C2 CompilerThread0" daemon [_thread_blocked, id=2640, stack(0x0000000016ab0000,0x0000000016bb0000)]
  0x0000000015539000 JavaThread "Attach Listener" daemon [_thread_blocked, id=5764, stack(0x00000000169b0000,0x0000000016ab0000)]
  0x0000000015538800 JavaThread "Signal Dispatcher" daemon [_thread_blocked, id=4312, stack(0x00000000168b0000,0x00000000169b0000)]
  0x0000000002f55000 JavaThread "Finalizer" daemon [_thread_blocked, id=3232, stack(0x00000000167b0000,0x00000000168b0000)]
  0x0000000002f4c800 JavaThread "Reference Handler" daemon [_thread_blocked, id=440, stack(0x00000000166b0000,0x00000000167b0000)]

Other Threads:
  0x0000000015505800 VMThread [stack: 0x00000000165b0000,0x00000000166b0000] [id=528]
  0x0000000016de1000 WatcherThread [stack: 0x00000000172b0000,0x00000000173b0000] [id=2832]

VM state:not at safepoint (normal execution)

VM Mutex/Monitor currently owned by a thread: None

Heap:
 PSYoungGen      total 18944K, used 11832K [0x00000000eb380000, 0x00000000ec880000, 0x0000000100000000)
  eden space 16384K, 72% used [0x00000000eb380000,0x00000000ebf0e2a0,0x00000000ec380000)
  from space 2560K, 0% used [0x00000000ec600000,0x00000000ec600000,0x00000000ec880000)
  to   space 2560K, 0% used [0x00000000ec380000,0x00000000ec380000,0x00000000ec600000)
 ParOldGen       total 44032K, used 0K [0x00000000c1a00000, 0x00000000c4500000, 0x00000000eb380000)
  object space 44032K, 0% used [0x00000000c1a00000,0x00000000c1a00000,0x00000000c4500000)
 Metaspace       used 14357K, capacity 14482K, committed 14848K, reserved 1062912K
  class space    used 1867K, capacity 1929K, committed 2048K, reserved 1048576K

Card table byte_map: [0x0000000012320000,0x0000000012520000] byte_map_base: 0x0000000011d13000

Marking Bits: (ParMarkBitMap*) 0x000000006946d4f0
 Begin Bits: [0x0000000012a70000, 0x0000000013a08000)
 End Bits:   [0x0000000013a08000, 0x00000000149a0000)

Polling page: 0x00000000014f0000

CodeCache: size=245760Kb used=5162Kb max_used=5175Kb free=240597Kb
 bounds [0x0000000002f60000, 0x0000000003480000, 0x0000000011f60000]
 total_blobs=2118 nmethods=1595 adapters=436
 compilation: enabled

Compilation events (10 events):
Event: 16.572 Thread 0x0000000015545800 1593       3       java.util.IdentityHashMap::keySet (26 bytes)
Event: 16.573 Thread 0x0000000015545800 nmethod 1593 0x0000000003467510 code [0x00000000034676a0, 0x0000000003467a90]
Event: 16.573 Thread 0x0000000015545800 1594       3       java.util.IdentityHashMap$KeySet::iterator (13 bytes)
Event: 16.573 Thread 0x0000000015545800 nmethod 1594 0x000000000346cf50 code [0x000000000346d0e0, 0x000000000346d408]
Event: 16.573 Thread 0x0000000015545800 1595       3       java.util.IdentityHashMap$KeyIterator::<init> (6 bytes)
Event: 16.574 Thread 0x0000000015545800 nmethod 1595 0x000000000346ca50 code [0x000000000346cbc0, 0x000000000346ce28]
Event: 16.605 Thread 0x000000001553b800 1596       4       javax.swing.plaf.nimbus.NimbusStyle::getExtendedState (247 bytes)
Event: 16.605 Thread 0x0000000015545800 1597       3       sun.font.CompositeStrike::getStrikeForSlot (42 bytes)
Event: 16.606 Thread 0x0000000015545800 nmethod 1597 0x000000000346c010 code [0x000000000346c1c0, 0x000000000346c7b8]
Event: 16.622 Thread 0x000000001553b800 nmethod 1596 0x000000000346f490 code [0x000000000346f620, 0x000000000346fde8]

GC Heap History (0 events):
No events

Deoptimization events (8 events):
Event: 0.701 Thread 0x000000001716a000 Uncommon trap: reason=unreached action=reinterpret pc=0x0000000003128558 method=java.util.HashMap.getNode(ILjava/lang/Object;)Ljava/util/HashMap$Node; @ 84
Event: 0.702 Thread 0x000000001716a000 Uncommon trap: reason=unreached action=reinterpret pc=0x000000000313a244 method=java.util.HashMap.getNode(ILjava/lang/Object;)Ljava/util/HashMap$Node; @ 84
Event: 0.771 Thread 0x000000001716a000 Uncommon trap: reason=unreached action=reinterpret pc=0x0000000003135d4c method=java.util.HashMap.putVal(ILjava/lang/Object;Ljava/lang/Object;ZZ)Ljava/lang/Object; @ 109
Event: 2.762 Thread 0x000000001716a000 Uncommon trap: reason=class_check action=maybe_recompile pc=0x00000000030fe5dc method=java.lang.String.equals(Ljava/lang/Object;)Z @ 8
Event: 2.903 Thread 0x000000001716a000 Uncommon trap: reason=unreached action=reinterpret pc=0x0000000003131ac0 method=java.util.HashMap.putVal(ILjava/lang/Object;Ljava/lang/Object;ZZ)Ljava/lang/Object; @ 109
Event: 3.155 Thread 0x000000001716a000 Uncommon trap: reason=class_check action=maybe_recompile pc=0x00000000030fe5dc method=java.lang.String.equals(Ljava/lang/Object;)Z @ 8
Event: 3.161 Thread 0x000000001716a000 Uncommon trap: reason=class_check action=maybe_recompile pc=0x00000000030fe5dc method=java.lang.String.equals(Ljava/lang/Object;)Z @ 8
Event: 3.161 Thread 0x000000001716a000 Uncommon trap: reason=class_check action=maybe_recompile pc=0x00000000030fe5dc method=java.lang.String.equals(Ljava/lang/Object;)Z @ 8

Internal exceptions (10 events):
Event: 0.436 Thread 0x0000000002e60800 Exception <a 'java/security/PrivilegedActionException'> (0x00000000eb72bee0) thrown at [C:\workspace\8-2-build-windows-amd64-cygwin\jdk8u31\2394\hotspot\src\share\vm\prims\jvm.cpp, line 1312]
Event: 0.436 Thread 0x0000000002e60800 Exception <a 'java/security/PrivilegedActionException'> (0x00000000eb72e100) thrown at [C:\workspace\8-2-build-windows-amd64-cygwin\jdk8u31\2394\hotspot\src\share\vm\prims\jvm.cpp, line 1312]
Event: 0.439 Thread 0x0000000002e60800 Exception <a 'java/security/PrivilegedActionException'> (0x00000000eb734e58) thrown at [C:\workspace\8-2-build-windows-amd64-cygwin\jdk8u31\2394\hotspot\src\share\vm\prims\jvm.cpp, line 1312]
Event: 0.440 Thread 0x0000000002e60800 Exception <a 'java/security/PrivilegedActionException'> (0x00000000eb737078) thrown at [C:\workspace\8-2-build-windows-amd64-cygwin\jdk8u31\2394\hotspot\src\share\vm\prims\jvm.cpp, line 1312]
Event: 0.461 Thread 0x0000000002e60800 Exception <a 'java/security/PrivilegedActionException'> (0x00000000eb78eb68) thrown at [C:\workspace\8-2-build-windows-amd64-cygwin\jdk8u31\2394\hotspot\src\share\vm\prims\jvm.cpp, line 1312]
Event: 0.488 Thread 0x000000001716a000 Exception <a 'java/security/PrivilegedActionException'> (0x00000000eb811b78) thrown at [C:\workspace\8-2-build-windows-amd64-cygwin\jdk8u31\2394\hotspot\src\share\vm\prims\jvm.cpp, line 1312]
Event: 0.488 Thread 0x000000001716a000 Exception <a 'java/security/PrivilegedActionException'> (0x00000000eb8140b8) thrown at [C:\workspace\8-2-build-windows-amd64-cygwin\jdk8u31\2394\hotspot\src\share\vm\prims\jvm.cpp, line 1312]
Event: 0.492 Thread 0x000000001716a000 Exception <a 'java/security/PrivilegedActionException'> (0x00000000eb818b80) thrown at [C:\workspace\8-2-build-windows-amd64-cygwin\jdk8u31\2394\hotspot\src\share\vm\prims\jvm.cpp, line 1312]
Event: 0.492 Thread 0x000000001716a000 Exception <a 'java/security/PrivilegedActionException'> (0x00000000eb81b0c0) thrown at [C:\workspace\8-2-build-windows-amd64-cygwin\jdk8u31\2394\hotspot\src\share\vm\prims\jvm.cpp, line 1312]
Event: 0.711 Thread 0x000000001716a000 Exception <a 'java/security/PrivilegedActionException'> (0x00000000eb8e8820) thrown at [C:\workspace\8-2-build-windows-amd64-cygwin\jdk8u31\2394\hotspot\src\share\vm\prims\jvm.cpp, line 1312]

Events (10 events):
Event: 5.790 loading class sun/java2d/loops/ProcessPath$Edge
Event: 5.790 loading class sun/java2d/loops/ProcessPath$Edge done
Event: 5.795 loading class sun/awt/UngrabEvent
Event: 5.796 loading class sun/awt/UngrabEvent done
Event: 6.663 loading class javax/swing/Autoscroller
Event: 6.664 loading class javax/swing/Autoscroller done
Event: 6.665 loading class javax/swing/plaf/basic/BasicPopupMenuUI$MouseGrabber$2
Event: 6.665 loading class javax/swing/plaf/basic/BasicPopupMenuUI$MouseGrabber$2 done
Event: 10.129 Thread 0x000000001716a000 DEOPT PACKING pc=0x000000000323ebd1 sp=0x0000000018588a60
Event: 10.129 Thread 0x000000001716a000 DEOPT UNPACKING pc=0x0000000002fa75bf sp=0x0000000018588770 mode 0


Dynamic libraries:
0x00007ff6890e0000 - 0x00007ff689114000 	C:\Program Files\Java\jdk1.8.0_31\bin\java.exe
0x00007ff9446e0000 - 0x00007ff9448a5000 	C:\Windows\SYSTEM32\ntdll.dll
0x00007ff942ee0000 - 0x00007ff942f8e000 	C:\Windows\system32\KERNEL32.DLL
0x00007ff941550000 - 0x00007ff94172b000 	C:\Windows\system32\KERNELBASE.dll
0x00007ff942a90000 - 0x00007ff942b36000 	C:\Windows\system32\ADVAPI32.dll
0x00007ff943070000 - 0x00007ff94310d000 	C:\Windows\system32\msvcrt.dll
0x00007ff942a30000 - 0x00007ff942a89000 	C:\Windows\system32\sechost.dll
0x00007ff942900000 - 0x00007ff942a22000 	C:\Windows\system32\RPCRT4.dll
0x00007ff941f10000 - 0x00007ff94207c000 	C:\Windows\system32\USER32.dll
0x00007ff9423b0000 - 0x00007ff942531000 	C:\Windows\system32\GDI32.dll
0x00007ff933a80000 - 0x00007ff933cef000 	C:\Windows\WinSxS\amd64_microsoft.windows.common-controls_6595b64144ccf1df_6.0.10041.0_none_8290572e5fa31d2e\COMCTL32.dll
0x00007ff942080000 - 0x00007ff9420b5000 	C:\Windows\system32\IMM32.DLL
0x00007ff9426e0000 - 0x00007ff942838000 	C:\Windows\system32\MSCTF.dll
0x00007ff942840000 - 0x00007ff9428fe000 	C:\Windows\system32\OLEAUT32.dll
0x00007ff942c20000 - 0x00007ff942e77000 	C:\Windows\system32\combase.dll
0x0000000068bb0000 - 0x0000000068c82000 	C:\Program Files\Java\jdk1.8.0_31\jre\bin\msvcr100.dll
0x0000000068c90000 - 0x00000000694ea000 	C:\Program Files\Java\jdk1.8.0_31\jre\bin\server\jvm.dll
0x00007ff942290000 - 0x00007ff942297000 	C:\Windows\system32\PSAPI.DLL
0x00007ff933430000 - 0x00007ff933452000 	C:\Windows\SYSTEM32\WINMM.dll
0x00007ff93d540000 - 0x00007ff93d549000 	C:\Windows\SYSTEM32\WSOCK32.dll
0x00007ff942680000 - 0x00007ff9426da000 	C:\Windows\system32\WS2_32.dll
0x00007ff942f90000 - 0x00007ff942f98000 	C:\Windows\system32\NSI.dll
0x00007ff933400000 - 0x00007ff93342b000 	C:\Windows\SYSTEM32\WINMMBASE.dll
0x00007ff941910000 - 0x00007ff941954000 	C:\Windows\system32\cfgmgr32.dll
0x00007ff93fcb0000 - 0x00007ff93fcd6000 	C:\Windows\SYSTEM32\DEVOBJ.dll
0x0000000068b60000 - 0x0000000068b6f000 	C:\Program Files\Java\jdk1.8.0_31\jre\bin\verify.dll
0x0000000068b30000 - 0x0000000068b58000 	C:\Program Files\Java\jdk1.8.0_31\jre\bin\java.dll
0x0000000068b10000 - 0x0000000068b26000 	C:\Program Files\Java\jdk1.8.0_31\jre\bin\zip.dll
0x00007ff9432c0000 - 0x00007ff9446dd000 	C:\Windows\system32\SHELL32.dll
0x00007ff941960000 - 0x00007ff941e5c000 	C:\Windows\system32\windows.storage.dll
0x00007ff942b40000 - 0x00007ff942b90000 	C:\Windows\system32\shlwapi.dll
0x00007ff941420000 - 0x00007ff94142c000 	C:\Windows\system32\kernel.appcore.dll
0x00007ff941450000 - 0x00007ff9414f9000 	C:\Windows\system32\shcore.dll
0x00007ff9413d0000 - 0x00007ff941419000 	C:\Windows\system32\powrprof.dll
0x00007ff941320000 - 0x00007ff941334000 	C:\Windows\SYSTEM32\profapi.dll
0x0000000068930000 - 0x0000000068ac8000 	C:\Program Files\Java\jdk1.8.0_31\jre\bin\awt.dll
0x00007ff93fb20000 - 0x00007ff93fba1000 	C:\Windows\system32\apphelp.dll
0x00007ff93fda0000 - 0x00007ff93fe29000 	C:\Windows\system32\uxtheme.dll
0x00007ff93f2b0000 - 0x00007ff93f2d0000 	C:\Windows\system32\dwmapi.dll
0x00007ff93fce0000 - 0x00007ff93fd94000 	C:\Windows\system32\dcomp.dll
0x00007ff942540000 - 0x00007ff942679000 	C:\Windows\system32\ole32.dll
0x00007ff941230000 - 0x00007ff94123b000 	C:\Windows\SYSTEM32\CRYPTBASE.dll
0x00007ff9411c0000 - 0x00007ff941227000 	C:\Windows\SYSTEM32\bcryptPrimitives.dll
0x00000000688e0000 - 0x0000000068927000 	C:\Program Files\Java\jdk1.8.0_31\jre\bin\fontmanager.dll
0x00007ff9165c0000 - 0x00007ff9167ce000 	C:\Windows\system32\d3d9.dll
0x00007ff915b50000 - 0x00007ff9165b1000 	C:\Windows\SYSTEM32\igdumdim64.dll
0x00007ff93a830000 - 0x00007ff93ac8d000 	C:\Windows\SYSTEM32\igdusc64.dll
0x00007ff942300000 - 0x00007ff9423aa000 	C:\Windows\system32\clbcatq.dll
0x00007ff93ed70000 - 0x00007ff93ef1f000 	C:\Windows\SYSTEM32\WindowsCodecs.dll
0x00007ff9412e0000 - 0x00007ff941308000 	C:\Windows\SYSTEM32\bcrypt.dll
0x00007ff940c30000 - 0x00007ff940c46000 	C:\Windows\SYSTEM32\cryptsp.dll
0x00007ff940860000 - 0x00007ff940894000 	C:\Windows\system32\rsaenh.dll
0x00007ff931c30000 - 0x00007ff931c4b000 	C:\Windows\system32\dataexchange.dll
0x00007ff9316e0000 - 0x00007ff931794000 	C:\Windows\system32\TWINAPI.dll
0x00007ff935640000 - 0x00007ff93588e000 	C:\Windows\system32\DWrite.dll
0x00007ff93bcd0000 - 0x00007ff93c1b9000 	C:\Windows\system32\d2d1.dll
0x00007ff93ad70000 - 0x00007ff93afe9000 	C:\Windows\system32\d3d11.dll
0x00007ff93acd0000 - 0x00007ff93ad68000 	C:\Windows\system32\dxgi.dll
0x00007ff93fe30000 - 0x00007ff93ff04000 	C:\Windows\system32\twinapi.appcore.dll
0x0000000068af0000 - 0x0000000068b0a000 	C:\Program Files\Java\jdk1.8.0_31\jre\bin\net.dll
0x00007ff940bd0000 - 0x00007ff940c28000 	C:\Windows\system32\mswsock.dll
0x0000000068ad0000 - 0x0000000068ae1000 	C:\Program Files\Java\jdk1.8.0_31\jre\bin\nio.dll
0x0000000068890000 - 0x00000000688d1000 	C:\Program Files\Java\jdk1.8.0_31\jre\bin\t2k.dll
0x0000000068850000 - 0x000000006887a000 	C:\Program Files\Java\jdk1.8.0_31\jre\bin\dcpr.dll
0x00007ff92d900000 - 0x00007ff92d9aa000 	C:\Windows\WinSxS\amd64_microsoft.windows.common-controls_6595b64144ccf1df_5.82.10041.0_none_3a1f26355635b1f9\comctl32.dll
0x00007ff93e500000 - 0x00007ff93e67b000 	C:\Windows\SYSTEM32\PROPSYS.dll
0x00007ff929c20000 - 0x00007ff929dc2000 	C:\Windows\system32\NetworkExplorer.dll
0x00007ff940640000 - 0x00007ff94065b000 	C:\Windows\SYSTEM32\MPR.dll
0x00007ff9390a0000 - 0x00007ff9390ab000 	C:\Windows\System32\drprov.dll
0x00007ff941110000 - 0x00007ff941168000 	C:\Windows\System32\WINSTA.dll
0x00007ff934170000 - 0x00007ff934186000 	C:\Windows\System32\ntlanman.dll
0x00007ff933560000 - 0x00007ff93357f000 	C:\Windows\System32\davclnt.dll
0x00007ff935480000 - 0x00007ff93548c000 	C:\Windows\System32\DAVHLPR.dll
0x00007ff93d7b0000 - 0x00007ff93d7c6000 	C:\Windows\System32\wkscli.dll
0x00007ff935f70000 - 0x00007ff935f82000 	C:\Windows\SYSTEM32\cscapi.dll
0x00007ff940690000 - 0x00007ff94069c000 	C:\Windows\System32\netutils.dll
0x00007ff933f90000 - 0x00007ff93400e000 	C:\Windows\System32\dlnashext.dll
0x00007ff916a40000 - 0x00007ff916aae000 	C:\Windows\System32\PlayToDevice.dll
0x00007ff93c2e0000 - 0x00007ff93c2fe000 	C:\Windows\System32\DevDispItemProvider.dll
0x00007ff93e680000 - 0x00007ff93e6ee000 	C:\Windows\System32\MMDevApi.dll
0x00007ff916830000 - 0x00007ff916a33000 	C:\Windows\system32\wpdshext.dll
0x00007ff92e050000 - 0x00007ff92e1f9000 	C:\Windows\WinSxS\amd64_microsoft.windows.gdiplus_6595b64144ccf1df_1.1.10041.0_none_0257c64c733b3956\gdiplus.dll
0x00007ff93f4c0000 - 0x00007ff93f55f000 	C:\Windows\System32\PortableDeviceApi.dll
0x00007ff9420c0000 - 0x00007ff942283000 	C:\Windows\system32\SETUPAPI.dll
0x00007ff941500000 - 0x00007ff94154f000 	C:\Windows\system32\WINTRUST.dll
0x00007ff941730000 - 0x00007ff94190a000 	C:\Windows\system32\CRYPT32.dll
0x00007ff941430000 - 0x00007ff941441000 	C:\Windows\system32\MSASN1.dll
0x00007ff92d7f0000 - 0x00007ff92d827000 	C:\Windows\System32\EhStorShell.dll
0x00007ff92d130000 - 0x00007ff92d156000 	C:\Windows\System32\EhStorAPI.dll
0x00007ff93fa60000 - 0x00007ff93fa72000 	C:\Windows\System32\WTSAPI32.dll
0x00007ff92f0c0000 - 0x00007ff92f0cd000 	C:\Windows\SYSTEM32\LINKINFO.dll
0x00007ff937980000 - 0x00007ff937b03000 	C:\Windows\SYSTEM32\dbghelp.dll

VM Arguments:
jvm_args: -Dfile.encoding=UTF-8 
java_command: iquiscbaii.NotaFiscalJFrame
java_class_path (initial): C:\NetBeans\java\modules\ext\eclipselink\eclipselink.jar;C:\NetBeans\java\modules\ext\eclipselink\javax.persistence_2.1.0.v201304241213.jar;C:\NetBeans\java\modules\ext\eclipselink\org.eclipse.persistence.jpa.jpql_2.5.2.v20140319-9ad6abd.jar;C:\MySQL\Connector.J 5.1;C:\MySQL\Connector.J 5.1\mysql-connector-java-5.1.34-bin.jar;C:\NetBeans\java\modules\ext\beansbinding-1.2.1.jar;D:\Copy\Unipam\3o Semestre 2015\PI\IquisCbaII\build\classes
Launcher Type: SUN_STANDARD

Environment Variables:
PATH=C:\ProgramData\Oracle\Java\javapath;C:\Windows\system32;C:\Windows;C:\Windows\System32\Wbem;C:\Windows\System32\WindowsPowerShell\v1.0\;C:\MySQL\MySQL Fabric 1.5.3 & MySQL Utilities 1.5.3 1.5\;C:\MySQL\MySQL Fabric 1.5.3 & MySQL Utilities 1.5.3 1.5\Doctrine extensions for PHP\
USERNAME=Home
OS=Windows_NT
PROCESSOR_IDENTIFIER=Intel64 Family 6 Model 58 Stepping 9, GenuineIntel



---------------  S Y S T E M  ---------------

OS: Windows 8.1 , 64 bit Build 9600 

CPU:total 4 (2 cores per cpu, 2 threads per core) family 6 model 58 stepping 9, cmov, cx8, fxsr, mmx, sse, sse2, sse3, ssse3, sse4.1, sse4.2, popcnt, avx, clmul, erms, ht, tsc, tscinvbit, tscinv

Memory: 4k page, physical 4085900k(1125920k free), swap 4806796k(953308k free)

vm_info: Java HotSpot(TM) 64-Bit Server VM (25.31-b07) for windows-amd64 JRE (1.8.0_31-b13), built on Dec 17 2014 21:00:28 by "java_re" with MS VC++ 10.0 (VS2010)

time: Thu Apr 16 15:51:00 2015
elapsed time: 17 seconds (0d 0h 0m 17s)

